[03:21:01.889][INFO]: Successfully injected RecipeFS file system
[03:21:01.944][INFO]: Successfully identified and loaded plugin crafttweaker:builtin
[03:21:01.947][INFO]: Successfully identified and loaded plugin crafttweaker:builtin_forge
[03:21:01.953][INFO]: Successfully identified and loaded plugin farmersdelight:crafttweaker_plugin
[03:21:02.827][INFO]: The following mods have explicit CraftTweaker support through the default plugin:
[03:21:02.828][INFO]: - 'aether' at version '1.19.2-1.4.2-forge'
[03:21:02.829][INFO]: - 'aquaculture' at version '1.19.2-2.4.17'
[03:21:02.829][INFO]: - 'crafttweaker' at version '10.1.56'
[03:21:02.829][INFO]: - 'farmersdelight' at version '1.19.2-1.2.4'
[03:21:02.829][INFO]: - 'gamestages' at version '11.1.4'
[03:21:02.829][INFO]: - 'itemstages' at version '5.1.4'
[03:21:16.786][INFO]: Started loading scripts for loader 'initialize'
[03:21:17.395][INFO]: Compiling and executing scripts
[03:21:17.585][INFO]: Successfully initialized modules [crafttweaker, expansions]
[03:21:17.746][INFO]: Execution for loader 'initialize' completed successfully
[03:21:29.710][INFO]: Started loading scripts for loader 'tags'
[03:21:29.768][INFO]: Compiling and executing scripts
[03:21:29.933][INFO]: Successfully initialized modules [crafttweaker, expansions]
[03:21:29.946][INFO]: Execution for loader 'tags' completed successfully
[03:21:36.023][INFO]: Started loading scripts for loader 'crafttweaker'
[03:21:36.053][INFO]: Compiling and executing scripts
[03:21:36.605][INFO]: Successfully initialized modules [mods, crafttweaker, expansions]
[03:21:36.610][INFO]: Loading file 'Cisco.zs' with priority 0
[03:21:36.641][INFO]: Hello world!
[03:21:36.650][INFO]: Adding 'minecraft:smithing' recipe, with name: 'crafttweaker:dreadsteel_chestplate' that outputs: '<item:dreadsteel:dreadsteel_chestplate>'
[03:21:36.650][INFO]: Adding 'minecraft:smithing' recipe, with name: 'crafttweaker:dreadsteel_helmet' that outputs: '<item:dreadsteel:dreadsteel_helmet>'
[03:21:36.650][INFO]: Adding 'minecraft:smithing' recipe, with name: 'crafttweaker:dreadsteel_boots' that outputs: '<item:dreadsteel:dreadsteel_boots>'
[03:21:36.651][INFO]: Adding 'minecraft:smithing' recipe, with name: 'crafttweaker:dreadsteel_leggings' that outputs: '<item:dreadsteel:dreadsteel_leggings>'
[03:21:36.651][INFO]: Adding 'minecraft:crafting' recipe, of type: "shapeless", with name: 'crafttweaker:dreadsteel_ingot_recipe' that outputs: '<item:dreadsteel:dreadsteel_ingot>'
[03:21:36.652][INFO]: Adding 'minecraft:crafting' recipe, of type: "shapeless", with name: 'crafttweaker:dreadsteel_scythe_recipe' that outputs: '<item:dreadsteel:dreadsteel_scythe>'
[03:21:36.652][INFO]: Adding 'minecraft:crafting' recipe, of type: "shapeless", with name: 'crafttweaker:dreadsteel_shield_recipe' that outputs: '<item:dreadsteel:dreadsteel_shield>'
[03:21:36.653][INFO]: Removing "minecraft:crafting" recipes with modid: "dreadsteel"
[03:21:36.655][INFO]: Adding 'minecraft:crafting' recipe, of type: "shapeless", with name: 'crafttweaker:amnesia_scroll' that outputs: '<item:skilltree:amnesia_scroll>'
[03:21:36.655][INFO]: Adding 'minecraft:crafting' recipe, of type: "shapeless", with name: 'crafttweaker:true_dragons_breath' that outputs: '<item:cisco_mod:true_dragons_breath>'
[03:21:36.658][INFO]: Adding 'minecraft:crafting' recipe, of type: "shapeless", with name: 'crafttweaker:rogue_eye' that outputs: '<item:endrem:rogue_eye>.withTag({Damage: 0})'
[03:21:36.658][INFO]: Adding 'minecraft:crafting' recipe, of type: "shapeless", with name: 'crafttweaker:undead_soul' that outputs: '<item:endrem:undead_soul>'
[03:21:36.658][INFO]: Adding 'minecraft:crafting' recipe, of type: "shapeless", with name: 'crafttweaker:demonium_ingot_recipe' that outputs: '<item:cisco_mod:demonium_ingot>'
[03:21:36.658][INFO]: Adding 'minecraft:crafting' recipe, of type: "shapeless", with name: 'crafttweaker:frigidium_ingot_recipe' that outputs: '<item:cisco_mod:frigidiumingot>'
[03:21:36.659][INFO]: Execution for loader 'crafttweaker' completed successfully
[03:21:36.660][INFO]: This reload was made possible by Jellycraft and more! Become a patron at https://patreon.com/jaredlll08?s=crtmod
