[18Apr2025 00:00:12.656] [Server thread/INFO] [net.minecraft.server.MinecraftServer/]: FmpFaxu has made the advancement [Not a Diamond]
[18Apr2025 00:00:14.010] [Server thread/INFO] [net.minecraft.server.MinecraftServer/]: FmpFaxu has made the advancement [Stone Age]
[18Apr2025 00:00:19.063] [Server thread/INFO] [net.minecraft.server.MinecraftServer/]: FmpFaxu has made the advancement [Monster Hunter]
[18Apr2025 00:01:03.650] [Server thread/WARN] [net.minecraft.world.level.entity.PersistentEntitySectionManager/]: UUID of added entity already exists: FallingBlockEntity['Falling Block'/2473, l='ServerLevel[world]', x=-43.50, y=77.00, z=-74.50]
[18Apr2025 00:01:58.801] [Server thread/WARN] [net.minecraft.world.level.entity.PersistentEntitySectionManager/]: UUID of added entity already exists: FallingBlockEntity['Falling Block'/2574, l='ServerLevel[world]', x=-57.50, y=76.00, z=-125.50]
[18Apr2025 00:02:17.407] [Server thread/INFO] [net.minecraft.server.MinecraftServer/]: FmpFaxu has made the advancement [How'd You Get This?]
[18Apr2025 00:02:34.900] [Server thread/WARN] [net.minecraft.world.level.entity.PersistentEntitySectionManager/]: UUID of added entity already exists: FallingBlockEntity['Falling Block'/2808, l='ServerLevel[world]', x=-43.50, y=77.00, z=-72.50]
[18Apr2025 00:03:14.999] [Server thread/WARN] [net.minecraft.world.level.entity.PersistentEntitySectionManager/]: UUID of added entity already exists: FallingBlockEntity['Falling Block'/3030, l='ServerLevel[world]', x=-30.50, y=71.00, z=-60.50]
[18Apr2025 00:03:49.409] [Server thread/INFO] [net.minecraft.server.MinecraftServer/]: Meulii has made the advancement [Not a Diamond]
[18Apr2025 00:04:01.801] [Server thread/WARN] [net.minecraft.world.level.entity.PersistentEntitySectionManager/]: UUID of added entity already exists: FallingBlockEntity['Falling Block'/3118, l='ServerLevel[world]', x=-41.50, y=71.00, z=-164.50]
[18Apr2025 00:04:08.351] [Server thread/WARN] [net.minecraft.world.level.entity.PersistentEntitySectionManager/]: UUID of added entity already exists: FallingBlockEntity['Falling Block'/3158, l='ServerLevel[world]', x=-60.50, y=76.00, z=-159.50]
[18Apr2025 00:04:17.050] [Server thread/WARN] [net.minecraft.world.level.entity.PersistentEntitySectionManager/]: UUID of added entity already exists: FallingBlockEntity['Falling Block'/3200, l='ServerLevel[world]', x=-79.50, y=80.00, z=-145.50]
[18Apr2025 00:04:34.250] [Server thread/WARN] [net.minecraft.world.level.entity.PersistentEntitySectionManager/]: UUID of added entity already exists: FallingBlockEntity['Falling Block'/3216, l='ServerLevel[world]', x=-77.50, y=80.00, z=-143.50]
[18Apr2025 00:04:49.000] [Server thread/WARN] [net.minecraft.world.level.entity.PersistentEntitySectionManager/]: UUID of added entity already exists: FallingBlockEntity['Falling Block'/3228, l='ServerLevel[world]', x=-36.50, y=73.00, z=-130.50]
[18Apr2025 00:05:44.301] [Server thread/WARN] [net.minecraft.world.level.entity.PersistentEntitySectionManager/]: UUID of added entity already exists: FallingBlockEntity['Falling Block'/3299, l='ServerLevel[world]', x=-54.50, y=70.00, z=-68.50]
[18Apr2025 00:06:41.150] [Server thread/WARN] [net.minecraft.world.level.entity.PersistentEntitySectionManager/]: UUID of added entity already exists: FallingBlockEntity['Falling Block'/3434, l='ServerLevel[world]', x=-53.50, y=70.00, z=-67.50]
[18Apr2025 00:06:52.250] [Server thread/WARN] [net.minecraft.world.level.entity.PersistentEntitySectionManager/]: UUID of added entity already exists: FallingBlockEntity['Falling Block'/3452, l='ServerLevel[world]', x=-29.50, y=71.00, z=-139.50]
[18Apr2025 00:06:59.300] [Server thread/WARN] [net.minecraft.world.level.entity.PersistentEntitySectionManager/]: UUID of added entity already exists: FallingBlockEntity['Falling Block'/3462, l='ServerLevel[world]', x=-66.50, y=73.00, z=-102.50]
[18Apr2025 00:07:08.451] [Server thread/WARN] [net.minecraft.world.level.entity.PersistentEntitySectionManager/]: UUID of added entity already exists: FallingBlockEntity['Falling Block'/3482, l='ServerLevel[world]', x=-14.50, y=74.00, z=-137.50]
[18Apr2025 00:07:46.901] [Server thread/WARN] [net.minecraft.world.level.entity.PersistentEntitySectionManager/]: UUID of added entity already exists: FallingBlockEntity['Falling Block'/3629, l='ServerLevel[world]', x=-14.50, y=72.00, z=-90.50]
[18Apr2025 00:08:12.751] [Server thread/WARN] [net.minecraft.world.level.entity.PersistentEntitySectionManager/]: UUID of added entity already exists: FallingBlockEntity['Falling Block'/3741, l='ServerLevel[world]', x=-56.50, y=76.00, z=-127.50]
[18Apr2025 00:08:58.812] [Netty Epoll Server IO #6/INFO] [com.teampotato.redirector.Redirector/]: Redirecting net/minecraft/network/chat/LastSeenMessagesValidator$ErrorCondition
[18Apr2025 00:09:29.601] [Server thread/WARN] [net.minecraft.world.level.entity.PersistentEntitySectionManager/]: UUID of added entity already exists: FallingBlockEntity['Falling Block'/4031, l='ServerLevel[world]', x=-35.50, y=73.00, z=-128.50]
[18Apr2025 00:09:54.300] [Server thread/WARN] [net.minecraft.world.level.entity.PersistentEntitySectionManager/]: UUID of added entity already exists: FallingBlockEntity['Falling Block'/4079, l='ServerLevel[world]', x=-43.50, y=71.00, z=-164.50]
[18Apr2025 00:10:08.122] [Server thread/INFO] [com.teampotato.redirector.Redirector/]: Redirecting com/aqutheseal/celestisynth/api/animation/player/AnimationManager$AnimationsList
[18Apr2025 00:10:08.124] [Server thread/INFO] [com.teampotato.redirector.Redirector/]: Redirecting io/redspace/ironsspellbooks/api/spells/CastType
[18Apr2025 00:10:08.124] [Server thread/INFO] [com.teampotato.redirector.Redirector/]: Redirecting io/redspace/ironsspellbooks/capabilities/magic/RecastResult
[18Apr2025 00:10:08.129] [Server thread/INFO] [net.minecraft.server.MinecraftServer/]: FmpFaxu was shot by Mutant Skeleton
[18Apr2025 00:10:08.136] [Server thread/INFO] [Enigmatic Legacy/INFO]: Teared Soul Crystal from FmpFaxu at X: 19.167324821873947, Y: 36.0, Z: -69.30000001192093
[18Apr2025 00:10:25.701] [Server thread/WARN] [net.minecraft.world.level.entity.PersistentEntitySectionManager/]: UUID of added entity already exists: FallingBlockEntity['Falling Block'/4162, l='ServerLevel[world]', x=-30.50, y=71.00, z=-139.50]
[18Apr2025 00:10:28.451] [Server thread/WARN] [net.minecraft.world.level.entity.PersistentEntitySectionManager/]: UUID of added entity already exists: FallingBlockEntity['Falling Block'/4165, l='ServerLevel[world]', x=-16.50, y=74.00, z=-137.50]
[18Apr2025 00:10:46.951] [Server thread/WARN] [net.minecraft.world.level.entity.PersistentEntitySectionManager/]: UUID of added entity already exists: FallingBlockEntity['Falling Block'/4180, l='ServerLevel[world]', x=-41.50, y=71.00, z=-163.50]
